<?xml version="1.0" encoding="UTF-8"?>
<testng-results ignored="0" total="2" passed="2" failed="0" skipped="0">
  <reporter-output>
  </reporter-output>
  <suite started-at="2021-02-08T00:36:28Z" name="Suite" finished-at="2021-02-08T00:37:16Z" duration-ms="48013">
    <groups>
      <group name="cucumber">
        <method signature="AbstractTestNGCucumberTests.feature(cucumber.api.testng.CucumberFeatureWrapper)[pri:0, instance:run.ui.runUiTest@3e27aa33]" name="feature" class="cucumber.api.testng.AbstractTestNGCucumberTests"/>
      </group> <!-- cucumber -->
    </groups>
    <test started-at="2021-02-08T00:36:28Z" name="Test" finished-at="2021-02-08T00:37:16Z" duration-ms="48013">
      <class name="run.ui.runUiTest">
        <test-method is-config="true" signature="setUpClass()[pri:0, instance:run.ui.runUiTest@3e27aa33]" started-at="2021-02-08T00:36:28Z" name="setUpClass" finished-at="2021-02-08T00:36:29Z" duration-ms="283" status="PASS">
          <reporter-output>
          </reporter-output>
        </test-method> <!-- setUpClass -->
        <test-method signature="feature(cucumber.api.testng.CucumberFeatureWrapper)[pri:0, instance:run.ui.runUiTest@3e27aa33]" started-at="2021-02-08T00:36:29Z" name="feature" description="Runs Cucumber Feature" data-provider="features" finished-at="2021-02-08T00:37:04Z" duration-ms="35026" status="PASS">
          <params>
            <param index="0">
              <value>
                <![CDATA[bunning page]]>
              </value>
            </param>
          </params>
          <reporter-output>
          </reporter-output>
        </test-method> <!-- feature -->
        <test-method signature="feature(cucumber.api.testng.CucumberFeatureWrapper)[pri:0, instance:run.ui.runUiTest@3e27aa33]" started-at="2021-02-08T00:37:04Z" name="feature" description="Runs Cucumber Feature" data-provider="features" finished-at="2021-02-08T00:37:16Z" duration-ms="12185" status="PASS">
          <params>
            <param index="0">
              <value>
                <![CDATA[Google Search]]>
              </value>
            </param>
          </params>
          <reporter-output>
          </reporter-output>
        </test-method> <!-- feature -->
        <test-method is-config="true" signature="tearDownClass()[pri:0, instance:run.ui.runUiTest@3e27aa33]" started-at="2021-02-08T00:37:16Z" name="tearDownClass" finished-at="2021-02-08T00:37:16Z" duration-ms="387" status="PASS">
          <reporter-output>
          </reporter-output>
        </test-method> <!-- tearDownClass -->
      </class> <!-- run.ui.runUiTest -->
    </test> <!-- Test -->
  </suite> <!-- Suite -->
</testng-results>
