<?xml version="1.0" encoding="UTF-8"?>
<testng-results ignored="0" total="2" passed="2" failed="0" skipped="0">
  <reporter-output>
  </reporter-output>
  <suite started-at="2021-02-08T11:01:41Z" name="run.ui.runUiTest" finished-at="2021-02-08T11:02:37Z" duration-ms="55459">
    <groups>
      <group name="cucumber">
        <method signature="AbstractTestNGCucumberTests.feature(cucumber.api.testng.CucumberFeatureWrapper)[pri:0, instance:run.ui.runUiTest@4923ab24]" name="feature" class="cucumber.api.testng.AbstractTestNGCucumberTests"/>
      </group> <!-- cucumber -->
    </groups>
    <test started-at="2021-02-08T11:01:41Z" name="Command line test" finished-at="2021-02-08T11:02:37Z" duration-ms="55459">
      <class name="run.ui.runUiTest">
        <test-method is-config="true" signature="setUpClass()[pri:0, instance:run.ui.runUiTest@4923ab24]" started-at="2021-02-08T11:01:41Z" name="setUpClass" finished-at="2021-02-08T11:01:42Z" duration-ms="385" status="PASS">
          <reporter-output>
          </reporter-output>
        </test-method> <!-- setUpClass -->
        <test-method signature="feature(cucumber.api.testng.CucumberFeatureWrapper)[pri:0, instance:run.ui.runUiTest@4923ab24]" started-at="2021-02-08T11:01:42Z" name="feature" description="Runs Cucumber Feature" data-provider="features" finished-at="2021-02-08T11:02:23Z" duration-ms="40931" status="PASS">
          <params>
            <param index="0">
              <value>
                <![CDATA[bunning page]]>
              </value>
            </param>
          </params>
          <reporter-output>
          </reporter-output>
        </test-method> <!-- feature -->
        <test-method signature="feature(cucumber.api.testng.CucumberFeatureWrapper)[pri:0, instance:run.ui.runUiTest@4923ab24]" started-at="2021-02-08T11:02:23Z" name="feature" description="Runs Cucumber Feature" data-provider="features" finished-at="2021-02-08T11:02:36Z" duration-ms="13566" status="PASS">
          <params>
            <param index="0">
              <value>
                <![CDATA[Google Search]]>
              </value>
            </param>
          </params>
          <reporter-output>
          </reporter-output>
        </test-method> <!-- feature -->
        <test-method is-config="true" signature="tearDownClass()[pri:0, instance:run.ui.runUiTest@4923ab24]" started-at="2021-02-08T11:02:36Z" name="tearDownClass" finished-at="2021-02-08T11:02:37Z" duration-ms="425" status="PASS">
          <reporter-output>
          </reporter-output>
        </test-method> <!-- tearDownClass -->
      </class> <!-- run.ui.runUiTest -->
    </test> <!-- Command line test -->
  </suite> <!-- run.ui.runUiTest -->
</testng-results>
