<?xml version="1.0" encoding="UTF-8"?>
<!-- Generated by org.testng.reporters.JUnitXMLReporter -->
<testsuite ignored="0" hostname="Zaiweis-MacBook-Air.local" failures="0" tests="2" name="Command line test" time="70.1" errors="0" timestamp="08 Feb 2021 10:36:10 GMT">
  <testcase classname="cucumber.api.testng.AbstractTestNGCucumberTests" name="feature" time="53.987"/>
  <testcase classname="cucumber.api.testng.AbstractTestNGCucumberTests" name="feature" time="15.203"/>
</testsuite> <!-- Command line test -->
