<?xml version="1.0" encoding="UTF-8"?>
<!-- Generated by org.testng.reporters.JUnitXMLReporter -->
<testsuite hostname="Zaiweis-MacBook-Air.local" ignored="0" name="Command line test" tests="2" failures="0" timestamp="08 Feb 2021 03:26:16 GMT" time="50.602" errors="0">
  <testcase name="feature" time="37.073" classname="cucumber.api.testng.AbstractTestNGCucumberTests"/>
  <testcase name="feature" time="12.532" classname="cucumber.api.testng.AbstractTestNGCucumberTests"/>
</testsuite> <!-- Command line test -->
